<?xml version="1.0" encoding="UTF-8"?>
<coverage generated="1751569777">
  <project timestamp="1751569777">
    <file name="/Users/manzano/Servidor/cvdw-cli/src/app/Inc/Conexao.php">
      <line num="12" type="stmt" count="0"/>
      <line num="13" type="stmt" count="0"/>
      <line num="15" type="stmt" count="0"/>
      <line num="16" type="stmt" count="0"/>
      <line num="19" type="stmt" count="0"/>
      <line num="20" type="stmt" count="0"/>
      <line num="21" type="stmt" count="0"/>
      <line num="22" type="stmt" count="0"/>
      <line num="23" type="stmt" count="0"/>
      <line num="24" type="stmt" count="0"/>
      <line num="25" type="stmt" count="0"/>
      <line num="26" type="stmt" count="0"/>
      <line num="29" type="stmt" count="0"/>
      <line num="30" type="stmt" count="0"/>
      <line num="31" type="stmt" count="0"/>
      <line num="32" type="stmt" count="0"/>
      <line num="33" type="stmt" count="0"/>
      <line num="34" type="stmt" count="0"/>
      <line num="35" type="stmt" count="0"/>
      <line num="39" type="stmt" count="0"/>
      <line num="40" type="stmt" count="0"/>
      <line num="41" type="stmt" count="0"/>
      <line num="46" type="stmt" count="0"/>
      <line num="48" type="stmt" count="0"/>
      <line num="50" type="stmt" count="0"/>
      <line num="52" type="stmt" count="0"/>
      <line num="53" type="stmt" count="0"/>
      <line num="54" type="stmt" count="0"/>
      <line num="56" type="stmt" count="0"/>
      <line num="58" type="stmt" count="0"/>
      <line num="59" type="stmt" count="0"/>
      <line num="62" type="stmt" count="0"/>
      <line num="63" type="stmt" count="0"/>
      <line num="64" type="stmt" count="0"/>
      <line num="65" type="stmt" count="0"/>
      <line num="70" type="stmt" count="0"/>
      <metrics loc="72" ncloc="70" classes="0" methods="0" coveredmethods="0" conditionals="0" coveredconditionals="0" statements="36" coveredstatements="0" elements="36" coveredelements="0"/>
    </file>
    <package name="Manzano\CvdwCli\Inc">
      <file name="/Users/manzano/Servidor/cvdw-cli/src/app/Inc/Exception.php">
        <class name="Manzano\CvdwCli\Inc\CvdwException" namespace="Manzano\CvdwCli\Inc">
          <metrics complexity="1" methods="1" coveredmethods="0" conditionals="0" coveredconditionals="0" statements="1" coveredstatements="0" elements="2" coveredelements="0"/>
        </class>
        <line num="9" type="method" name="__construct" visibility="public" complexity="1" crap="2" count="0"/>
        <line num="11" type="stmt" count="0"/>
        <metrics loc="14" ncloc="14" classes="1" methods="1" coveredmethods="0" conditionals="0" coveredconditionals="0" statements="1" coveredstatements="0" elements="2" coveredelements="0"/>
      </file>
    </package>
    <file name="/Users/manzano/Servidor/cvdw-cli/src/app/Inc/Helper.php">
      <line num="10" type="stmt" count="3"/>
      <line num="11" type="stmt" count="0"/>
      <line num="15" type="stmt" count="3"/>
      <line num="16" type="stmt" count="3"/>
      <line num="18" type="stmt" count="1"/>
      <line num="19" type="stmt" count="1"/>
      <line num="20" type="stmt" count="1"/>
      <line num="25" type="stmt" count="2"/>
      <line num="26" type="stmt" count="2"/>
      <line num="28" type="stmt" count="1"/>
      <line num="29" type="stmt" count="1"/>
      <line num="30" type="stmt" count="1"/>
      <line num="34" type="stmt" count="1"/>
      <line num="41" type="stmt" count="0"/>
      <line num="42" type="stmt" count="0"/>
      <line num="45" type="stmt" count="0"/>
      <line num="47" type="stmt" count="0"/>
      <line num="48" type="stmt" count="0"/>
      <line num="51" type="stmt" count="0"/>
      <line num="52" type="stmt" count="0"/>
      <line num="54" type="stmt" count="0"/>
      <line num="58" type="stmt" count="0"/>
      <line num="60" type="stmt" count="0"/>
      <line num="66" type="stmt" count="0"/>
      <line num="67" type="stmt" count="0"/>
      <line num="70" type="stmt" count="0"/>
      <line num="72" type="stmt" count="0"/>
      <metrics loc="74" ncloc="67" classes="0" methods="0" coveredmethods="0" conditionals="0" coveredconditionals="0" statements="27" coveredstatements="12" elements="27" coveredelements="12"/>
    </file>
    <package name="Manzano\CvdwCli\Services">
      <file name="/Users/manzano/Servidor/cvdw-cli/src/app/Services/Ambientes.php">
        <class name="Manzano\CvdwCli\Services\Ambientes" namespace="Manzano\CvdwCli\Services">
          <metrics complexity="31" methods="13" coveredmethods="5" conditionals="0" coveredconditionals="0" statements="105" coveredstatements="52" elements="118" coveredelements="57"/>
        </class>
        <line num="13" type="method" name="__construct" visibility="public" complexity="1" crap="1" count="2"/>
        <line num="15" type="stmt" count="2"/>
        <line num="16" type="stmt" count="2"/>
        <line num="17" type="stmt" count="2"/>
        <line num="18" type="stmt" count="2"/>
        <line num="19" type="stmt" count="2"/>
        <line num="20" type="stmt" count="2"/>
        <line num="23" type="method" name="retornarVersao" visibility="public" complexity="1" crap="2" count="0"/>
        <line num="25" type="stmt" count="0"/>
        <line num="28" type="method" name="getEnvPath" visibility="public" complexity="1" crap="2" count="0"/>
        <line num="30" type="stmt" count="0"/>
        <line num="33" type="method" name="ambienteAtivo" visibility="public" complexity="4" crap="4.13" count="2"/>
        <line num="35" type="stmt" count="2"/>
        <line num="36" type="stmt" count="2"/>
        <line num="37" type="stmt" count="2"/>
        <line num="38" type="stmt" count="1"/>
        <line num="39" type="stmt" count="0"/>
        <line num="41" type="stmt" count="1"/>
        <line num="44" type="stmt" count="1"/>
        <line num="45" type="stmt" count="0"/>
        <line num="47" type="stmt" count="1"/>
        <line num="51" type="stmt" count="2"/>
        <line num="54" type="method" name="retornarEnvs" visibility="public" complexity="2" crap="2" count="2"/>
        <line num="56" type="stmt" count="2"/>
        <line num="57" type="stmt" count="2"/>
        <line num="58" type="stmt" count="1"/>
        <line num="59" type="stmt" count="1"/>
        <line num="61" type="stmt" count="2"/>
        <line num="62" type="stmt" count="2"/>
        <line num="64" type="stmt" count="2"/>
        <line num="67" type="method" name="salvarEnv" visibility="public" complexity="3" crap="3" count="1"/>
        <line num="69" type="stmt" count="1"/>
        <line num="70" type="stmt" count="1"/>
        <line num="71" type="stmt" count="1"/>
        <line num="72" type="stmt" count="1"/>
        <line num="73" type="stmt" count="1"/>
        <line num="74" type="stmt" count="1"/>
        <line num="75" type="stmt" count="1"/>
        <line num="77" type="stmt" count="1"/>
        <line num="79" type="stmt" count="1"/>
        <line num="80" type="stmt" count="1"/>
        <line num="83" type="method" name="getEnvEscope" visibility="public" complexity="1" crap="1" count="2"/>
        <line num="85" type="stmt" count="2"/>
        <line num="86" type="stmt" count="2"/>
        <line num="87" type="stmt" count="2"/>
        <line num="88" type="stmt" count="2"/>
        <line num="89" type="stmt" count="2"/>
        <line num="90" type="stmt" count="2"/>
        <line num="91" type="stmt" count="2"/>
        <line num="92" type="stmt" count="2"/>
        <line num="93" type="stmt" count="2"/>
        <line num="94" type="stmt" count="2"/>
        <line num="95" type="stmt" count="2"/>
        <line num="96" type="stmt" count="2"/>
        <line num="97" type="stmt" count="2"/>
        <line num="98" type="stmt" count="2"/>
        <line num="99" type="stmt" count="2"/>
        <line num="102" type="method" name="getEnvDir" visibility="public" complexity="2" crap="2" count="2"/>
        <line num="104" type="stmt" count="2"/>
        <line num="105" type="stmt" count="2"/>
        <line num="107" type="stmt" count="2"/>
        <line num="110" type="method" name="alterarCaminhoEnv" visibility="public" complexity="2" crap="2.50" count="2"/>
        <line num="112" type="stmt" count="2"/>
        <line num="113" type="stmt" count="2"/>
        <line num="114" type="stmt" count="2"/>
        <line num="115" type="stmt" count="0"/>
        <line num="116" type="stmt" count="0"/>
        <line num="117" type="stmt" count="0"/>
        <line num="121" type="method" name="atualizarCVDW" visibility="public" complexity="1" crap="2" count="0"/>
        <line num="124" type="stmt" count="0"/>
        <line num="126" type="method" name="listarAmbientes" visibility="public" complexity="5" crap="30" count="0"/>
        <line num="128" type="stmt" count="0"/>
        <line num="129" type="stmt" count="0"/>
        <line num="130" type="stmt" count="0"/>
        <line num="131" type="stmt" count="0"/>
        <line num="132" type="stmt" count="0"/>
        <line num="133" type="stmt" count="0"/>
        <line num="134" type="stmt" count="0"/>
        <line num="136" type="stmt" count="0"/>
        <line num="137" type="stmt" count="0"/>
        <line num="138" type="stmt" count="0"/>
        <line num="139" type="stmt" count="0"/>
        <line num="140" type="stmt" count="0"/>
        <line num="141" type="stmt" count="0"/>
        <line num="142" type="stmt" count="0"/>
        <line num="144" type="stmt" count="0"/>
        <line num="145" type="stmt" count="0"/>
        <line num="146" type="stmt" count="0"/>
        <line num="149" type="stmt" count="0"/>
        <line num="150" type="stmt" count="0"/>
        <line num="151" type="stmt" count="0"/>
        <line num="152" type="stmt" count="0"/>
        <line num="153" type="stmt" count="0"/>
        <line num="154" type="stmt" count="0"/>
        <line num="157" type="stmt" count="0"/>
        <line num="160" type="method" name="verificarAmbientePadrao" visibility="public" complexity="4" crap="20" count="0"/>
        <line num="162" type="stmt" count="0"/>
        <line num="163" type="stmt" count="0"/>
        <line num="164" type="stmt" count="0"/>
        <line num="165" type="stmt" count="0"/>
        <line num="166" type="stmt" count="0"/>
        <line num="167" type="stmt" count="0"/>
        <line num="168" type="stmt" count="0"/>
        <line num="169" type="stmt" count="0"/>
        <line num="170" type="stmt" count="0"/>
        <line num="171" type="stmt" count="0"/>
        <line num="173" type="stmt" count="0"/>
        <line num="174" type="stmt" count="0"/>
        <line num="180" type="method" name="validarConfiguracao" visibility="public" complexity="4" crap="20" count="0"/>
        <line num="182" type="stmt" count="0"/>
        <line num="184" type="stmt" count="0"/>
        <line num="186" type="stmt" count="0"/>
        <line num="187" type="stmt" count="0"/>
        <line num="190" type="stmt" count="0"/>
        <line num="191" type="stmt" count="0"/>
        <line num="192" type="stmt" count="0"/>
        <line num="193" type="stmt" count="0"/>
        <line num="194" type="stmt" count="0"/>
        <metrics loc="200" ncloc="197" classes="1" methods="13" coveredmethods="5" conditionals="0" coveredconditionals="0" statements="105" coveredstatements="52" elements="118" coveredelements="57"/>
      </file>
      <file name="/Users/manzano/Servidor/cvdw-cli/src/app/Services/EnvironmentManager.php">
        <class name="Manzano\CvdwCli\Services\EnvironmentManager" namespace="Manzano\CvdwCli\Services">
          <metrics complexity="36" methods="31" coveredmethods="31" conditionals="0" coveredconditionals="0" statements="52" coveredstatements="52" elements="83" coveredelements="83"/>
        </class>
        <line num="9" type="method" name="__construct" visibility="public" complexity="1" crap="1" count="39"/>
        <line num="11" type="stmt" count="39"/>
        <line num="14" type="method" name="loadEnvironmentVariables" visibility="private" complexity="1" crap="1" count="39"/>
        <line num="16" type="stmt" count="39"/>
        <line num="17" type="stmt" count="39"/>
        <line num="18" type="stmt" count="39"/>
        <line num="19" type="stmt" count="39"/>
        <line num="20" type="stmt" count="39"/>
        <line num="21" type="stmt" count="39"/>
        <line num="22" type="stmt" count="39"/>
        <line num="23" type="stmt" count="39"/>
        <line num="24" type="stmt" count="39"/>
        <line num="25" type="stmt" count="39"/>
        <line num="26" type="stmt" count="39"/>
        <line num="27" type="stmt" count="39"/>
        <line num="28" type="stmt" count="39"/>
        <line num="29" type="stmt" count="39"/>
        <line num="32" type="method" name="get" visibility="public" complexity="1" crap="1" count="35"/>
        <line num="34" type="stmt" count="35"/>
        <line num="37" type="method" name="set" visibility="public" complexity="1" crap="1" count="20"/>
        <line num="39" type="stmt" count="20"/>
        <line num="40" type="stmt" count="20"/>
        <line num="41" type="stmt" count="20"/>
        <line num="44" type="method" name="has" visibility="public" complexity="2" crap="2" count="3"/>
        <line num="46" type="stmt" count="3"/>
        <line num="49" type="method" name="getCvUrl" visibility="public" complexity="1" crap="1" count="5"/>
        <line num="51" type="stmt" count="5"/>
        <line num="54" type="method" name="getCvEmail" visibility="public" complexity="1" crap="1" count="3"/>
        <line num="56" type="stmt" count="3"/>
        <line num="59" type="method" name="getCvToken" visibility="public" complexity="1" crap="1" count="3"/>
        <line num="61" type="stmt" count="3"/>
        <line num="64" type="method" name="getDbConnection" visibility="public" complexity="1" crap="1" count="3"/>
        <line num="66" type="stmt" count="3"/>
        <line num="69" type="method" name="getDbHost" visibility="public" complexity="1" crap="1" count="3"/>
        <line num="71" type="stmt" count="3"/>
        <line num="74" type="method" name="getDbPort" visibility="public" complexity="1" crap="1" count="3"/>
        <line num="76" type="stmt" count="3"/>
        <line num="79" type="method" name="getDbDatabase" visibility="public" complexity="1" crap="1" count="3"/>
        <line num="81" type="stmt" count="3"/>
        <line num="84" type="method" name="getDbUsername" visibility="public" complexity="1" crap="1" count="3"/>
        <line num="86" type="stmt" count="3"/>
        <line num="89" type="method" name="getDbPassword" visibility="public" complexity="1" crap="1" count="3"/>
        <line num="91" type="stmt" count="3"/>
        <line num="94" type="method" name="getDbSchema" visibility="public" complexity="1" crap="1" count="3"/>
        <line num="96" type="stmt" count="3"/>
        <line num="99" type="method" name="getAnonimizar" visibility="public" complexity="3" crap="3" count="8"/>
        <line num="101" type="stmt" count="8"/>
        <line num="102" type="stmt" count="8"/>
        <line num="103" type="stmt" count="2"/>
        <line num="105" type="stmt" count="6"/>
        <line num="106" type="stmt" count="2"/>
        <line num="108" type="stmt" count="4"/>
        <line num="111" type="method" name="getAnonimizarTipo" visibility="public" complexity="1" crap="1" count="3"/>
        <line num="113" type="stmt" count="3"/>
        <line num="116" type="method" name="setCvUrl" visibility="public" complexity="1" crap="1" count="1"/>
        <line num="118" type="stmt" count="1"/>
        <line num="121" type="method" name="setCvEmail" visibility="public" complexity="1" crap="1" count="1"/>
        <line num="123" type="stmt" count="1"/>
        <line num="126" type="method" name="setCvToken" visibility="public" complexity="1" crap="1" count="1"/>
        <line num="128" type="stmt" count="1"/>
        <line num="131" type="method" name="setDbConnection" visibility="public" complexity="1" crap="1" count="1"/>
        <line num="133" type="stmt" count="1"/>
        <line num="136" type="method" name="setDbHost" visibility="public" complexity="1" crap="1" count="1"/>
        <line num="138" type="stmt" count="1"/>
        <line num="141" type="method" name="setDbPort" visibility="public" complexity="1" crap="1" count="1"/>
        <line num="143" type="stmt" count="1"/>
        <line num="146" type="method" name="setDbDatabase" visibility="public" complexity="1" crap="1" count="1"/>
        <line num="148" type="stmt" count="1"/>
        <line num="151" type="method" name="setDbUsername" visibility="public" complexity="1" crap="1" count="1"/>
        <line num="153" type="stmt" count="1"/>
        <line num="156" type="method" name="setDbPassword" visibility="public" complexity="1" crap="1" count="1"/>
        <line num="158" type="stmt" count="1"/>
        <line num="161" type="method" name="setDbSchema" visibility="public" complexity="1" crap="1" count="1"/>
        <line num="163" type="stmt" count="1"/>
        <line num="166" type="method" name="setAnonimizar" visibility="public" complexity="2" crap="2" count="1"/>
        <line num="168" type="stmt" count="1"/>
        <line num="171" type="method" name="setAnonimizarTipo" visibility="public" complexity="1" crap="1" count="1"/>
        <line num="173" type="stmt" count="1"/>
        <line num="176" type="method" name="getAll" visibility="public" complexity="1" crap="1" count="2"/>
        <line num="178" type="stmt" count="2"/>
        <line num="181" type="method" name="saveToEnv" visibility="public" complexity="2" crap="2" count="1"/>
        <line num="183" type="stmt" count="1"/>
        <line num="184" type="stmt" count="1"/>
        <metrics loc="187" ncloc="187" classes="1" methods="31" coveredmethods="31" conditionals="0" coveredconditionals="0" statements="52" coveredstatements="52" elements="83" coveredelements="83"/>
      </file>
      <file name="/Users/manzano/Servidor/cvdw-cli/src/app/Services/Log.php">
        <class name="Manzano\CvdwCli\Services\Log" namespace="Manzano\CvdwCli\Services">
          <metrics complexity="8" methods="4" coveredmethods="2" conditionals="0" coveredconditionals="0" statements="17" coveredstatements="14" elements="21" coveredelements="16"/>
        </class>
        <line num="9" type="method" name="__construct" visibility="public" complexity="1" crap="1" count="2"/>
        <line num="11" type="stmt" count="2"/>
        <line num="18" type="method" name="criarArquivoLog" visibility="public" complexity="3" crap="3.14" count="1"/>
        <line num="21" type="stmt" count="1"/>
        <line num="22" type="stmt" count="1"/>
        <line num="23" type="stmt" count="0"/>
        <line num="26" type="stmt" count="1"/>
        <line num="27" type="stmt" count="0"/>
        <line num="30" type="stmt" count="1"/>
        <line num="32" type="stmt" count="1"/>
        <line num="33" type="stmt" count="1"/>
        <line num="36" type="method" name="escreverLog" visibility="public" complexity="3" crap="3.03" count="2"/>
        <line num="39" type="stmt" count="2"/>
        <line num="40" type="stmt" count="2"/>
        <line num="43" type="stmt" count="2"/>
        <line num="44" type="stmt" count="2"/>
        <line num="45" type="stmt" count="0"/>
        <line num="47" type="stmt" count="2"/>
        <line num="48" type="stmt" count="2"/>
        <line num="53" type="method" name="retornarDiretorioLog" visibility="public" complexity="1" crap="1" count="2"/>
        <line num="55" type="stmt" count="2"/>
        <metrics loc="59" ncloc="50" classes="1" methods="4" coveredmethods="2" conditionals="0" coveredconditionals="0" statements="17" coveredstatements="14" elements="21" coveredelements="16"/>
      </file>
      <file name="/Users/manzano/Servidor/cvdw-cli/src/app/Services/Objeto.php">
        <class name="Manzano\CvdwCli\Services\Objeto" namespace="Manzano\CvdwCli\Services">
          <metrics complexity="35" methods="20" coveredmethods="20" conditionals="0" coveredconditionals="0" statements="361" coveredstatements="361" elements="381" coveredelements="381"/>
        </class>
        <line num="17" type="method" name="__construct" visibility="public" complexity="1" crap="1" count="10"/>
        <line num="19" type="stmt" count="10"/>
        <line num="20" type="stmt" count="10"/>
        <line num="21" type="stmt" count="10"/>
        <line num="22" type="stmt" count="10"/>
        <line num="25" type="method" name="retornarObjetos" visibility="public" complexity="9" crap="9" count="4"/>
        <line num="30" type="stmt" count="4"/>
        <line num="31" type="stmt" count="1"/>
        <line num="34" type="stmt" count="4"/>
        <line num="35" type="stmt" count="1"/>
        <line num="36" type="stmt" count="1"/>
        <line num="37" type="stmt" count="1"/>
        <line num="38" type="stmt" count="1"/>
        <line num="39" type="stmt" count="1"/>
        <line num="43" type="stmt" count="1"/>
        <line num="45" type="stmt" count="3"/>
        <line num="46" type="stmt" count="2"/>
        <line num="47" type="stmt" count="1"/>
        <line num="49" type="stmt" count="1"/>
        <line num="53" type="stmt" count="1"/>
        <line num="57" type="method" name="retornarObjeto" visibility="public" complexity="2" crap="2" count="5"/>
        <line num="60" type="stmt" count="5"/>
        <line num="61" type="stmt" count="2"/>
        <line num="63" type="stmt" count="3"/>
        <line num="64" type="stmt" count="3"/>
        <line num="66" type="stmt" count="3"/>
        <line num="70" type="method" name="retornarObjetoTabelas" visibility="public" complexity="4" crap="4" count="2"/>
        <line num="72" type="stmt" count="2"/>
        <line num="73" type="stmt" count="2"/>
        <line num="74" type="stmt" count="1"/>
        <line num="76" type="stmt" count="1"/>
        <line num="77" type="stmt" count="1"/>
        <line num="78" type="stmt" count="1"/>
        <line num="79" type="stmt" count="1"/>
        <line num="80" type="stmt" count="1"/>
        <line num="84" type="stmt" count="1"/>
        <line num="87" type="method" name="identificarTipoDeDados" visibility="public" complexity="4" crap="4" count="2"/>
        <line num="89" type="stmt" count="2"/>
        <line num="90" type="stmt" count="2"/>
        <line num="91" type="stmt" count="2"/>
        <line num="95" type="stmt" count="2"/>
        <line num="98" type="method" name="retornarConstantesObjetos" visibility="public" complexity="1" crap="1" count="10"/>
        <line num="100" type="stmt" count="10"/>
        <line num="101" type="stmt" count="10"/>
        <line num="102" type="stmt" count="10"/>
        <line num="103" type="stmt" count="10"/>
        <line num="104" type="stmt" count="10"/>
        <line num="105" type="stmt" count="10"/>
        <line num="106" type="stmt" count="10"/>
        <line num="107" type="stmt" count="10"/>
        <line num="108" type="stmt" count="10"/>
        <line num="109" type="stmt" count="10"/>
        <line num="110" type="stmt" count="10"/>
        <line num="111" type="stmt" count="10"/>
        <line num="112" type="stmt" count="10"/>
        <line num="113" type="stmt" count="10"/>
        <line num="114" type="stmt" count="10"/>
        <line num="115" type="stmt" count="10"/>
        <line num="118" type="method" name="retornarObjetosReservas" visibility="private" complexity="1" crap="1" count="10"/>
        <line num="120" type="stmt" count="10"/>
        <line num="121" type="stmt" count="10"/>
        <line num="122" type="stmt" count="10"/>
        <line num="123" type="stmt" count="10"/>
        <line num="124" type="stmt" count="10"/>
        <line num="125" type="stmt" count="10"/>
        <line num="126" type="stmt" count="10"/>
        <line num="127" type="stmt" count="10"/>
        <line num="128" type="stmt" count="10"/>
        <line num="129" type="stmt" count="10"/>
        <line num="130" type="stmt" count="10"/>
        <line num="131" type="stmt" count="10"/>
        <line num="132" type="stmt" count="10"/>
        <line num="133" type="stmt" count="10"/>
        <line num="134" type="stmt" count="10"/>
        <line num="135" type="stmt" count="10"/>
        <line num="136" type="stmt" count="10"/>
        <line num="137" type="stmt" count="10"/>
        <line num="138" type="stmt" count="10"/>
        <line num="139" type="stmt" count="10"/>
        <line num="140" type="stmt" count="10"/>
        <line num="141" type="stmt" count="10"/>
        <line num="142" type="stmt" count="10"/>
        <line num="143" type="stmt" count="10"/>
        <line num="144" type="stmt" count="10"/>
        <line num="145" type="stmt" count="10"/>
        <line num="146" type="stmt" count="10"/>
        <line num="147" type="stmt" count="10"/>
        <line num="148" type="stmt" count="10"/>
        <line num="149" type="stmt" count="10"/>
        <line num="150" type="stmt" count="10"/>
        <line num="151" type="stmt" count="10"/>
        <line num="152" type="stmt" count="10"/>
        <line num="153" type="stmt" count="10"/>
        <line num="154" type="stmt" count="10"/>
        <line num="155" type="stmt" count="10"/>
        <line num="156" type="stmt" count="10"/>
        <line num="157" type="stmt" count="10"/>
        <line num="158" type="stmt" count="10"/>
        <line num="159" type="stmt" count="10"/>
        <line num="160" type="stmt" count="10"/>
        <line num="161" type="stmt" count="10"/>
        <line num="162" type="stmt" count="10"/>
        <line num="163" type="stmt" count="10"/>
        <line num="164" type="stmt" count="10"/>
        <line num="165" type="stmt" count="10"/>
        <line num="166" type="stmt" count="10"/>
        <line num="167" type="stmt" count="10"/>
        <line num="168" type="stmt" count="10"/>
        <line num="169" type="stmt" count="10"/>
        <line num="170" type="stmt" count="10"/>
        <line num="171" type="stmt" count="10"/>
        <line num="172" type="stmt" count="10"/>
        <line num="173" type="stmt" count="10"/>
        <line num="174" type="stmt" count="10"/>
        <line num="175" type="stmt" count="10"/>
        <line num="176" type="stmt" count="10"/>
        <line num="177" type="stmt" count="10"/>
        <line num="178" type="stmt" count="10"/>
        <line num="179" type="stmt" count="10"/>
        <line num="180" type="stmt" count="10"/>
        <line num="181" type="stmt" count="10"/>
        <line num="184" type="method" name="retornarObjetosPessoas" visibility="private" complexity="1" crap="1" count="10"/>
        <line num="186" type="stmt" count="10"/>
        <line num="187" type="stmt" count="10"/>
        <line num="188" type="stmt" count="10"/>
        <line num="189" type="stmt" count="10"/>
        <line num="190" type="stmt" count="10"/>
        <line num="191" type="stmt" count="10"/>
        <line num="192" type="stmt" count="10"/>
        <line num="193" type="stmt" count="10"/>
        <line num="194" type="stmt" count="10"/>
        <line num="195" type="stmt" count="10"/>
        <line num="196" type="stmt" count="10"/>
        <line num="197" type="stmt" count="10"/>
        <line num="198" type="stmt" count="10"/>
        <line num="199" type="stmt" count="10"/>
        <line num="200" type="stmt" count="10"/>
        <line num="201" type="stmt" count="10"/>
        <line num="202" type="stmt" count="10"/>
        <line num="203" type="stmt" count="10"/>
        <line num="204" type="stmt" count="10"/>
        <line num="205" type="stmt" count="10"/>
        <line num="206" type="stmt" count="10"/>
        <line num="207" type="stmt" count="10"/>
        <line num="208" type="stmt" count="10"/>
        <line num="209" type="stmt" count="10"/>
        <line num="210" type="stmt" count="10"/>
        <line num="211" type="stmt" count="10"/>
        <line num="212" type="stmt" count="10"/>
        <line num="213" type="stmt" count="10"/>
        <line num="214" type="stmt" count="10"/>
        <line num="215" type="stmt" count="10"/>
        <line num="218" type="method" name="retornarObjetosAtendimentos" visibility="private" complexity="1" crap="1" count="10"/>
        <line num="220" type="stmt" count="10"/>
        <line num="221" type="stmt" count="10"/>
        <line num="222" type="stmt" count="10"/>
        <line num="223" type="stmt" count="10"/>
        <line num="224" type="stmt" count="10"/>
        <line num="225" type="stmt" count="10"/>
        <line num="226" type="stmt" count="10"/>
        <line num="227" type="stmt" count="10"/>
        <line num="228" type="stmt" count="10"/>
        <line num="229" type="stmt" count="10"/>
        <line num="230" type="stmt" count="10"/>
        <line num="231" type="stmt" count="10"/>
        <line num="232" type="stmt" count="10"/>
        <line num="233" type="stmt" count="10"/>
        <line num="234" type="stmt" count="10"/>
        <line num="235" type="stmt" count="10"/>
        <line num="236" type="stmt" count="10"/>
        <line num="237" type="stmt" count="10"/>
        <line num="238" type="stmt" count="10"/>
        <line num="239" type="stmt" count="10"/>
        <line num="240" type="stmt" count="10"/>
        <line num="241" type="stmt" count="10"/>
        <line num="242" type="stmt" count="10"/>
        <line num="243" type="stmt" count="10"/>
        <line num="244" type="stmt" count="10"/>
        <line num="245" type="stmt" count="10"/>
        <line num="246" type="stmt" count="10"/>
        <line num="247" type="stmt" count="10"/>
        <line num="248" type="stmt" count="10"/>
        <line num="249" type="stmt" count="10"/>
        <line num="252" type="method" name="retornarObjetosRepasses" visibility="private" complexity="1" crap="1" count="10"/>
        <line num="254" type="stmt" count="10"/>
        <line num="255" type="stmt" count="10"/>
        <line num="256" type="stmt" count="10"/>
        <line num="257" type="stmt" count="10"/>
        <line num="258" type="stmt" count="10"/>
        <line num="259" type="stmt" count="10"/>
        <line num="260" type="stmt" count="10"/>
        <line num="261" type="stmt" count="10"/>
        <line num="262" type="stmt" count="10"/>
        <line num="263" type="stmt" count="10"/>
        <line num="264" type="stmt" count="10"/>
        <line num="265" type="stmt" count="10"/>
        <line num="266" type="stmt" count="10"/>
        <line num="267" type="stmt" count="10"/>
        <line num="270" type="method" name="retornarObjetosPrecadastros" visibility="private" complexity="1" crap="1" count="10"/>
        <line num="272" type="stmt" count="10"/>
        <line num="273" type="stmt" count="10"/>
        <line num="274" type="stmt" count="10"/>
        <line num="275" type="stmt" count="10"/>
        <line num="276" type="stmt" count="10"/>
        <line num="277" type="stmt" count="10"/>
        <line num="278" type="stmt" count="10"/>
        <line num="279" type="stmt" count="10"/>
        <line num="280" type="stmt" count="10"/>
        <line num="281" type="stmt" count="10"/>
        <line num="282" type="stmt" count="10"/>
        <line num="283" type="stmt" count="10"/>
        <line num="284" type="stmt" count="10"/>
        <line num="285" type="stmt" count="10"/>
        <line num="288" type="method" name="retornarObjetosCadastros" visibility="private" complexity="1" crap="1" count="10"/>
        <line num="290" type="stmt" count="10"/>
        <line num="291" type="stmt" count="10"/>
        <line num="292" type="stmt" count="10"/>
        <line num="293" type="stmt" count="10"/>
        <line num="294" type="stmt" count="10"/>
        <line num="295" type="stmt" count="10"/>
        <line num="296" type="stmt" count="10"/>
        <line num="297" type="stmt" count="10"/>
        <line num="298" type="stmt" count="10"/>
        <line num="299" type="stmt" count="10"/>
        <line num="300" type="stmt" count="10"/>
        <line num="301" type="stmt" count="10"/>
        <line num="302" type="stmt" count="10"/>
        <line num="303" type="stmt" count="10"/>
        <line num="304" type="stmt" count="10"/>
        <line num="305" type="stmt" count="10"/>
        <line num="306" type="stmt" count="10"/>
        <line num="307" type="stmt" count="10"/>
        <line num="308" type="stmt" count="10"/>
        <line num="309" type="stmt" count="10"/>
        <line num="310" type="stmt" count="10"/>
        <line num="311" type="stmt" count="10"/>
        <line num="312" type="stmt" count="10"/>
        <line num="313" type="stmt" count="10"/>
        <line num="314" type="stmt" count="10"/>
        <line num="315" type="stmt" count="10"/>
        <line num="316" type="stmt" count="10"/>
        <line num="317" type="stmt" count="10"/>
        <line num="318" type="stmt" count="10"/>
        <line num="319" type="stmt" count="10"/>
        <line num="320" type="stmt" count="10"/>
        <line num="321" type="stmt" count="10"/>
        <line num="322" type="stmt" count="10"/>
        <line num="324" type="stmt" count="10"/>
        <line num="327" type="method" name="retornarObjetosLeads" visibility="private" complexity="1" crap="1" count="10"/>
        <line num="329" type="stmt" count="10"/>
        <line num="330" type="stmt" count="10"/>
        <line num="331" type="stmt" count="10"/>
        <line num="332" type="stmt" count="10"/>
        <line num="333" type="stmt" count="10"/>
        <line num="334" type="stmt" count="10"/>
        <line num="335" type="stmt" count="10"/>
        <line num="336" type="stmt" count="10"/>
        <line num="337" type="stmt" count="10"/>
        <line num="338" type="stmt" count="10"/>
        <line num="339" type="stmt" count="10"/>
        <line num="340" type="stmt" count="10"/>
        <line num="341" type="stmt" count="10"/>
        <line num="342" type="stmt" count="10"/>
        <line num="343" type="stmt" count="10"/>
        <line num="344" type="stmt" count="10"/>
        <line num="345" type="stmt" count="10"/>
        <line num="346" type="stmt" count="10"/>
        <line num="347" type="stmt" count="10"/>
        <line num="348" type="stmt" count="10"/>
        <line num="349" type="stmt" count="10"/>
        <line num="350" type="stmt" count="10"/>
        <line num="351" type="stmt" count="10"/>
        <line num="352" type="stmt" count="10"/>
        <line num="353" type="stmt" count="10"/>
        <line num="354" type="stmt" count="10"/>
        <line num="355" type="stmt" count="10"/>
        <line num="356" type="stmt" count="10"/>
        <line num="357" type="stmt" count="10"/>
        <line num="358" type="stmt" count="10"/>
        <line num="359" type="stmt" count="10"/>
        <line num="360" type="stmt" count="10"/>
        <line num="361" type="stmt" count="10"/>
        <line num="362" type="stmt" count="10"/>
        <line num="363" type="stmt" count="10"/>
        <line num="364" type="stmt" count="10"/>
        <line num="365" type="stmt" count="10"/>
        <line num="366" type="stmt" count="10"/>
        <line num="367" type="stmt" count="10"/>
        <line num="368" type="stmt" count="10"/>
        <line num="369" type="stmt" count="10"/>
        <line num="370" type="stmt" count="10"/>
        <line num="371" type="stmt" count="10"/>
        <line num="372" type="stmt" count="10"/>
        <line num="373" type="stmt" count="10"/>
        <line num="374" type="stmt" count="10"/>
        <line num="375" type="stmt" count="10"/>
        <line num="376" type="stmt" count="10"/>
        <line num="377" type="stmt" count="10"/>
        <line num="378" type="stmt" count="10"/>
        <line num="381" type="method" name="retornarObjetosAssistencia" visibility="private" complexity="1" crap="1" count="10"/>
        <line num="383" type="stmt" count="10"/>
        <line num="384" type="stmt" count="10"/>
        <line num="385" type="stmt" count="10"/>
        <line num="386" type="stmt" count="10"/>
        <line num="387" type="stmt" count="10"/>
        <line num="388" type="stmt" count="10"/>
        <line num="389" type="stmt" count="10"/>
        <line num="390" type="stmt" count="10"/>
        <line num="391" type="stmt" count="10"/>
        <line num="392" type="stmt" count="10"/>
        <line num="393" type="stmt" count="10"/>
        <line num="394" type="stmt" count="10"/>
        <line num="395" type="stmt" count="10"/>
        <line num="396" type="stmt" count="10"/>
        <line num="397" type="stmt" count="10"/>
        <line num="398" type="stmt" count="10"/>
        <line num="399" type="stmt" count="10"/>
        <line num="400" type="stmt" count="10"/>
        <line num="401" type="stmt" count="10"/>
        <line num="402" type="stmt" count="10"/>
        <line num="403" type="stmt" count="10"/>
        <line num="404" type="stmt" count="10"/>
        <line num="407" type="method" name="retornarObjetosComissoes" visibility="private" complexity="1" crap="1" count="10"/>
        <line num="409" type="stmt" count="10"/>
        <line num="410" type="stmt" count="10"/>
        <line num="411" type="stmt" count="10"/>
        <line num="412" type="stmt" count="10"/>
        <line num="413" type="stmt" count="10"/>
        <line num="414" type="stmt" count="10"/>
        <line num="415" type="stmt" count="10"/>
        <line num="416" type="stmt" count="10"/>
        <line num="417" type="stmt" count="10"/>
        <line num="418" type="stmt" count="10"/>
        <line num="419" type="stmt" count="10"/>
        <line num="420" type="stmt" count="10"/>
        <line num="421" type="stmt" count="10"/>
        <line num="422" type="stmt" count="10"/>
        <line num="425" type="method" name="retornarObjetosSimulacoes" visibility="private" complexity="1" crap="1" count="10"/>
        <line num="427" type="stmt" count="10"/>
        <line num="428" type="stmt" count="10"/>
        <line num="429" type="stmt" count="10"/>
        <line num="430" type="stmt" count="10"/>
        <line num="431" type="stmt" count="10"/>
        <line num="432" type="stmt" count="10"/>
        <line num="435" type="method" name="retornarObjetosAgendamentos" visibility="private" complexity="1" crap="1" count="10"/>
        <line num="437" type="stmt" count="10"/>
        <line num="438" type="stmt" count="10"/>
        <line num="439" type="stmt" count="10"/>
        <line num="440" type="stmt" count="10"/>
        <line num="441" type="stmt" count="10"/>
        <line num="442" type="stmt" count="10"/>
        <line num="445" type="method" name="retornarObjetosProcessos" visibility="private" complexity="1" crap="1" count="10"/>
        <line num="447" type="stmt" count="10"/>
        <line num="448" type="stmt" count="10"/>
        <line num="449" type="stmt" count="10"/>
        <line num="450" type="stmt" count="10"/>
        <line num="451" type="stmt" count="10"/>
        <line num="452" type="stmt" count="10"/>
        <line num="455" type="method" name="retornarObjetosPesquisas" visibility="private" complexity="1" crap="1" count="10"/>
        <line num="457" type="stmt" count="10"/>
        <line num="458" type="stmt" count="10"/>
        <line num="459" type="stmt" count="10"/>
        <line num="460" type="stmt" count="10"/>
        <line num="461" type="stmt" count="10"/>
        <line num="462" type="stmt" count="10"/>
        <line num="463" type="stmt" count="10"/>
        <line num="464" type="stmt" count="10"/>
        <line num="465" type="stmt" count="10"/>
        <line num="466" type="stmt" count="10"/>
        <line num="467" type="stmt" count="10"/>
        <line num="468" type="stmt" count="10"/>
        <line num="469" type="stmt" count="10"/>
        <line num="470" type="stmt" count="10"/>
        <line num="471" type="stmt" count="10"/>
        <line num="474" type="method" name="retornarObjetosDemandas" visibility="private" complexity="1" crap="1" count="10"/>
        <line num="476" type="stmt" count="10"/>
        <line num="477" type="stmt" count="10"/>
        <line num="478" type="stmt" count="10"/>
        <line num="479" type="stmt" count="10"/>
        <line num="480" type="stmt" count="10"/>
        <line num="481" type="stmt" count="10"/>
        <metrics loc="485" ncloc="482" classes="1" methods="20" coveredmethods="20" conditionals="0" coveredconditionals="0" statements="361" coveredstatements="361" elements="381" coveredelements="381"/>
      </file>
    </package>
    <package name="Manzano\CvdwCli\Services\Console">
      <file name="/Users/manzano/Servidor/cvdw-cli/src/app/Services/Console/CvdwSymfonyStyle.php">
        <class name="Manzano\CvdwCli\Services\Console\CvdwSymfonyStyle" namespace="Manzano\CvdwCli\Services\Console">
          <metrics complexity="18" methods="6" coveredmethods="1" conditionals="0" coveredconditionals="0" statements="29" coveredstatements="4" elements="35" coveredelements="5"/>
        </class>
        <line num="16" type="method" name="__construct" visibility="public" complexity="1" crap="1" count="10"/>
        <line num="18" type="stmt" count="10"/>
        <line num="19" type="stmt" count="10"/>
        <line num="20" type="stmt" count="10"/>
        <line num="21" type="stmt" count="10"/>
        <line num="24" type="method" name="text" visibility="public" complexity="4" crap="20" count="0"/>
        <line num="26" type="stmt" count="0"/>
        <line num="27" type="stmt" count="0"/>
        <line num="29" type="stmt" count="0"/>
        <line num="30" type="stmt" count="0"/>
        <line num="31" type="stmt" count="0"/>
        <line num="34" type="stmt" count="0"/>
        <line num="39" type="method" name="error" visibility="public" complexity="4" crap="20" count="0"/>
        <line num="41" type="stmt" count="0"/>
        <line num="43" type="stmt" count="0"/>
        <line num="45" type="stmt" count="0"/>
        <line num="46" type="stmt" count="0"/>
        <line num="47" type="stmt" count="0"/>
        <line num="50" type="stmt" count="0"/>
        <line num="55" type="method" name="info" visibility="public" complexity="4" crap="20" count="0"/>
        <line num="57" type="stmt" count="0"/>
        <line num="58" type="stmt" count="0"/>
        <line num="60" type="stmt" count="0"/>
        <line num="61" type="stmt" count="0"/>
        <line num="62" type="stmt" count="0"/>
        <line num="65" type="stmt" count="0"/>
        <line num="70" type="method" name="section" visibility="public" complexity="4" crap="20" count="0"/>
        <line num="72" type="stmt" count="0"/>
        <line num="73" type="stmt" count="0"/>
        <line num="75" type="stmt" count="0"/>
        <line num="76" type="stmt" count="0"/>
        <line num="77" type="stmt" count="0"/>
        <line num="80" type="stmt" count="0"/>
        <line num="85" type="method" name="question" visibility="public" complexity="1" crap="2" count="0"/>
        <line num="87" type="stmt" count="0"/>
        <metrics loc="91" ncloc="87" classes="1" methods="6" coveredmethods="1" conditionals="0" coveredconditionals="0" statements="29" coveredstatements="4" elements="35" coveredelements="5"/>
      </file>
    </package>
    <metrics files="8" loc="1182" ncloc="1154" classes="6" methods="75" coveredmethods="59" conditionals="0" coveredconditionals="0" statements="628" coveredstatements="495" elements="703" coveredelements="554"/>
  </project>
</coverage>
